0 info it worked if it ends with ok
1 verbose cli [ '/usr/local/bin/node', '/usr/local/bin/npm', 'start' ]
2 info using npm@3.7.3
3 info using node@v4.2.2
4 verbose run-script [ 'prestart', 'start', 'poststart' ]
5 info lifecycle todomvc@0.1.1~prestart: todomvc@0.1.1
6 silly lifecycle todomvc@0.1.1~prestart: no script for prestart, continuing
7 info lifecycle todomvc@0.1.1~start: todomvc@0.1.1
8 verbose lifecycle todomvc@0.1.1~start: unsafe-perm in lifecycle true
9 verbose lifecycle todomvc@0.1.1~start: PATH: /usr/local/lib/node_modules/npm/bin/node-gyp-bin:/Users/cpoff/Documents/todomvc/node_modules/.bin:/usr/local/bin:/usr/local/heroku/bin:/Users/cpoff/bin:/usr/local/bin:/usr/local/sbin:/usr/local/bin:/usr/bin:/bin:/usr/sbin:/sbin:/opt/X11/bin:/usr/local/git/bin:/usr/local/MacGPG2/bin
10 verbose lifecycle todomvc@0.1.1~start: CWD: /Users/cpoff/Documents/todomvc
11 silly lifecycle todomvc@0.1.1~start: Args: [ '-c', 'node server.js' ]
12 silly lifecycle todomvc@0.1.1~start: Returned: code: 1  signal: null
13 info lifecycle todomvc@0.1.1~start: Failed to exec start script
14 verbose stack Error: todomvc@0.1.1 start: `node server.js`
14 verbose stack Exit status 1
14 verbose stack     at EventEmitter.<anonymous> (/usr/local/lib/node_modules/npm/lib/utils/lifecycle.js:239:16)
14 verbose stack     at emitTwo (events.js:87:13)
14 verbose stack     at EventEmitter.emit (events.js:172:7)
14 verbose stack     at ChildProcess.<anonymous> (/usr/local/lib/node_modules/npm/lib/utils/spawn.js:24:14)
14 verbose stack     at emitTwo (events.js:87:13)
14 verbose stack     at ChildProcess.emit (events.js:172:7)
14 verbose stack     at maybeClose (internal/child_process.js:818:16)
14 verbose stack     at Process.ChildProcess._handle.onexit (internal/child_process.js:211:5)
15 verbose pkgid todomvc@0.1.1
16 verbose cwd /Users/cpoff/Documents/todomvc/examples/meteor
17 error Darwin 15.4.0
18 error argv "/usr/local/bin/node" "/usr/local/bin/npm" "start"
19 error node v4.2.2
20 error npm  v3.7.3
21 error code ELIFECYCLE
22 error todomvc@0.1.1 start: `node server.js`
22 error Exit status 1
23 error Failed at the todomvc@0.1.1 start script 'node server.js'.
23 error Make sure you have the latest version of node.js and npm installed.
23 error If you do, this is most likely a problem with the todomvc package,
23 error not with npm itself.
23 error Tell the author that this fails on your system:
23 error     node server.js
23 error You can get information on how to open an issue for this project with:
23 error     npm bugs todomvc
23 error Or if that isn't available, you can get their info via:
23 error     npm owner ls todomvc
23 error There is likely additional logging output above.
24 verbose exit [ 1, true ]
